<?xml version="1.0" encoding="UTF-8"?>
<!-- Generated by org.testng.reporters.JUnitReportReporter -->
<testsuite hostname="Manoj" failures="0" tests="1" name="PracticeTestCase.MavenPracticeTestcase" time="6.995" errors="0" timestamp="2022-09-20T13:06:57 IST" skipped="0">
  <testcase classname="PracticeTestCase.MavenPracticeTestcase" name="step1Test" time="6.995"/>
  <system-out/>
</testsuite> <!-- PracticeTestCase.MavenPracticeTestcase -->
