<?xml version="1.0" encoding="UTF-8"?>
<!-- Generated by org.testng.reporters.JUnitReportReporter -->
<testsuite hostname="Manoj" failures="0" tests="1" name="Resturant.Addresturant" time="15.380" errors="0" timestamp="2022-09-13T15:06:51 IST" skipped="0">
  <testcase classname="Resturant.Addresturant" name="AddResturant" time="15.380"/>
  <system-out/>
</testsuite> <!-- Resturant.Addresturant -->
