<?xml version="1.0" encoding="UTF-8"?>
<!-- Generated by org.testng.reporters.JUnitReportReporter -->
<testsuite hostname="Manoj" failures="0" tests="1" name="PracticeTestCase.PlaceTheOrder" time="1.623" errors="0" timestamp="2022-09-19T17:25:52 IST" skipped="0">
  <testcase classname="PracticeTestCase.PlaceTheOrder" name="UpdateTestCaseWithTestNG" time="1.623"/>
  <system-out/>
</testsuite> <!-- PracticeTestCase.PlaceTheOrder -->
