<?xml version="1.0" encoding="UTF-8"?>
<!-- Generated by org.testng.reporters.JUnitReportReporter -->
<testsuite hostname="Manoj" failures="0" tests="1" name="PracticeTestCase.AddResturantTestCaseTest" time="15.402" errors="0" timestamp="2022-09-21T10:57:54 IST" skipped="0">
  <testcase classname="PracticeTestCase.AddResturantTestCaseTest" name="AddResturant" time="15.402"/>
  <system-out/>
</testsuite> <!-- PracticeTestCase.AddResturantTestCaseTest -->
