<?xml version="1.0" encoding="UTF-8"?>
<!-- Generated by org.testng.reporters.JUnitReportReporter -->
<testsuite hostname="Manoj" failures="0" tests="1" name="PracticeTestCase.CancelTheSelectedOrder" time="1.248" errors="0" timestamp="2022-09-19T17:25:52 IST" skipped="0">
  <testcase classname="PracticeTestCase.CancelTheSelectedOrder" name="CancelTheSelectedOrder1" time="1.248"/>
  <system-out/>
</testsuite> <!-- PracticeTestCase.CancelTheSelectedOrder -->
