<?xml version="1.0" encoding="UTF-8"?>
<!-- Generated by org.testng.reporters.JUnitReportReporter -->
<testsuite hostname="Manoj" failures="0" tests="1" name="PracticeTestCase.PracticeTest" time="0.006" errors="0" timestamp="2022-09-21T11:44:45 IST" skipped="0">
  <testcase classname="PracticeTestCase.PracticeTest" name="test" time="0.006"/>
  <system-out/>
</testsuite> <!-- PracticeTestCase.PracticeTest -->
