<?xml version="1.0" encoding="UTF-8"?>
<!-- Generated by org.testng.reporters.JUnitReportReporter -->
<testsuite hostname="Manoj" failures="0" tests="1" name="Resturant.GetMultipledata" time="0.537" errors="0" timestamp="2022-09-14T17:31:15 IST" skipped="0">
  <testcase classname="Resturant.GetMultipledata" name="GetMultipledata1" time="0.537"/>
  <system-out/>
</testsuite> <!-- Resturant.GetMultipledata -->
