<?xml version="1.0" encoding="UTF-8"?>
<!-- Generated by org.testng.reporters.JUnitReportReporter -->
<testsuite hostname="Manoj" failures="0" tests="1" name="PracticeTestCase.UserRegistrationTestCase" time="7.079" errors="0" timestamp="2022-10-12T10:39:31 IST" skipped="0">
  <testcase classname="PracticeTestCase.UserRegistrationTestCase" name="UserRegistrationTestCaseWithTestNG1" time="7.079"/>
  <system-out/>
</testsuite> <!-- PracticeTestCase.UserRegistrationTestCase -->
