<?xml version="1.0" encoding="UTF-8"?>
<!-- Generated by org.testng.reporters.JUnitReportReporter -->
<testsuite hostname="Manoj" failures="0" tests="1" name="PracticeTestCase.AddResturantTestCaseTest" time="15.456" errors="0" timestamp="2022-09-19T17:25:52 IST" skipped="0">
  <testcase classname="PracticeTestCase.AddResturantTestCaseTest" name="AddResturant" time="15.456"/>
  <system-out/>
</testsuite> <!-- PracticeTestCase.AddResturantTestCaseTest -->
