<?xml version="1.0" encoding="UTF-8"?>
<!-- Generated by org.testng.reporters.JUnitReportReporter -->
<testsuite hostname="Manoj" failures="0" tests="1" name="PracticeTestCase.UserRegistrationTestCase" time="7.365" errors="0" timestamp="2022-09-21T10:57:54 IST" skipped="0">
  <testcase classname="PracticeTestCase.UserRegistrationTestCase" name="UserRegistrationTestCaseWithTestNG1" time="7.365"/>
  <system-out/>
</testsuite> <!-- PracticeTestCase.UserRegistrationTestCase -->
