<?xml version="1.0" encoding="UTF-8"?>
<!-- Generated by org.testng.reporters.JUnitReportReporter -->
<testsuite hostname="Manoj" failures="0" tests="1" name="PracticeTestCase.CancelTheSelectedOrder" time="1.313" errors="0" timestamp="2022-09-21T10:57:54 IST" skipped="0">
  <testcase classname="PracticeTestCase.CancelTheSelectedOrder" name="CancelTheSelectedOrder1" time="1.313"/>
  <system-out/>
</testsuite> <!-- PracticeTestCase.CancelTheSelectedOrder -->
