<?xml version="1.0" encoding="UTF-8"?>
<!-- Generated by org.testng.reporters.JUnitReportReporter -->
<testsuite hostname="Manoj" failures="0" tests="4" name="PracticeTestCase.TestNgPractice" time="0.009" errors="0" timestamp="2022-09-09T10:43:08 IST" skipped="0">
  <testcase classname="PracticeTestCase.TestNgPractice" name="step2Test" time="0.007"/>
  <system-out>
    <![CDATA[manu1]]>
  </system-out>
  <testcase classname="PracticeTestCase.TestNgPractice" name="step1Test" time="0.001"/>
  <system-out>
    <![CDATA[manu]]>
  </system-out>
  <testcase classname="PracticeTestCase.TestNgPractice" name="step1Test" time="0.001"/>
  <system-out>
    <![CDATA[manu]]>
  </system-out>
  <testcase classname="PracticeTestCase.TestNgPractice" name="step1Test" time="0.000"/>
  <system-out>
    <![CDATA[manu]]>
  </system-out>
</testsuite> <!-- PracticeTestCase.TestNgPractice -->
