<?xml version="1.0" encoding="UTF-8"?>
<!-- Generated by org.testng.reporters.JUnitReportReporter -->
<testsuite hostname="Manoj" failures="0" tests="1" name="PracticeTestCase.PlaceTheOrder" time="1.636" errors="0" timestamp="2022-09-21T10:57:54 IST" skipped="0">
  <testcase classname="PracticeTestCase.PlaceTheOrder" name="UpdateTestCaseWithTestNG" time="1.636"/>
  <system-out/>
</testsuite> <!-- PracticeTestCase.PlaceTheOrder -->
